<?xml version="1.0" encoding="UTF-8"?>
<!-- Generated by org.testng.reporters.JUnitXMLReporter -->
<testsuite ignored="0" hostname="Kirans-MacBook-Air.local" failures="0" tests="4" name="UserTests" time="5.242" errors="0" timestamp="2024-04-15T11:12:13 MDT">
  <testcase classname="api.test.UserTests" name="createuser" time="2.57"/>
  <testcase classname="api.test.UserTests" name="getUserByName" time="0.439"/>
  <testcase classname="api.test.UserTests" name="updateUserByName" time="0.765"/>
  <testcase classname="api.test.UserTests" name="deleteUserByName" time="0.742"/>
</testsuite> <!-- UserTests -->
