<?xml version="1.0" encoding="UTF-8"?>
<!-- Generated by org.testng.reporters.JUnitXMLReporter -->
<testsuite ignored="0" hostname="Kirans-MacBook-Air.local" failures="0" tests="4" name="Default test" time="5.072" errors="0" timestamp="2024-04-15T11:39:48 MDT">
  <testcase classname="api.test.UserTests2" name="createuser" time="2.717"/>
  <testcase classname="api.test.UserTests2" name="getUserByName" time="0.458"/>
  <testcase classname="api.test.UserTests2" name="updateUserByName" time="0.753"/>
  <testcase classname="api.test.UserTests2" name="deleteUserByName" time="0.731"/>
</testsuite> <!-- Default test -->
