<?xml version="1.0" encoding="UTF-8"?>
<testsuite xmlns:xsi="http://www.w3.org/2001/XMLSchema-instance" xsi:noNamespaceSchemaLocation="https://maven.apache.org/surefire/maven-surefire-plugin/xsd/surefire-test-report-3.0.xsd" version="3.0" name="TestSuite" time="3.819" tests="4" errors="0" skipped="0" failures="0">
  <properties>
[...]
</properties>
  <testcase name="createuser" classname="api.test.UserTests" time="1.248">
    <system-out><![CDATA[{
    "code": 200,
    "type": "unknown",
    "message": "1518331471"
}
]]></system-out>
    <system-err><![CDATA[SLF4J: Failed to load class "org.slf4j.impl.StaticLoggerBinder".
SLF4J: Defaulting to no-operation (NOP) logger implementation
SLF4J: See http://www.slf4j.org/codes.html#StaticLoggerBinder for further details.
]]></system-err>
  </testcase>
  <testcase name="getUserByName" classname="api.test.UserTests" time="0.335">
    <system-out><![CDATA[{
    "id": 1518331471,
    "username": "hannelore.hoppe",
    "email": "kristopher.senger@example.com",
    "password": "r83kpt6v",
    "phone": "(893) 789-7160",
    "userStatus": 0
}
]]></system-out>
  </testcase>
  <testcase name="updateUserByName" classname="api.test.UserTests" time="0.668">
    <system-out><![CDATA[HTTP/1.1 200 OK
Date: Mon, 15 Apr 2024 19:07:22 GMT
Content-Type: application/json
Transfer-Encoding: chunked
Connection: keep-alive
Access-Control-Allow-Origin: *
Access-Control-Allow-Methods: GET, POST, DELETE, PUT
Access-Control-Allow-Headers: Content-Type, api_key, Authorization
Server: Jetty(9.2.9.v20150224)

{
    "code": 200,
    "type": "unknown",
    "message": "1518331471"
}
HTTP/1.1 200 OK
Date: Mon, 15 Apr 2024 19:07:22 GMT
Content-Type: application/json
Transfer-Encoding: chunked
Connection: keep-alive
Access-Control-Allow-Origin: *
Access-Control-Allow-Methods: GET, POST, DELETE, PUT
Access-Control-Allow-Headers: Content-Type, api_key, Authorization
Server: Jetty(9.2.9.v20150224)

{
    "id": 1518331471,
    "username": "hannelore.hoppe",
    "email": "kristopher.senger@example.com",
    "password": "r83kpt6v",
    "phone": "(893) 789-7160",
    "userStatus": 0
}
]]></system-out>
  </testcase>
  <testcase name="deleteUserByName" classname="api.test.UserTests" time="0.686">
    <system-out><![CDATA[HTTP/1.1 200 OK
Date: Mon, 15 Apr 2024 19:07:23 GMT
Content-Type: application/json
Transfer-Encoding: chunked
Connection: keep-alive
Access-Control-Allow-Origin: *
Access-Control-Allow-Methods: GET, POST, DELETE, PUT
Access-Control-Allow-Headers: Content-Type, api_key, Authorization
Server: Jetty(9.2.9.v20150224)

{
    "code": 200,
    "type": "unknown",
    "message": "hannelore.hoppe"
}
HTTP/1.1 404 Not Found
Date: Mon, 15 Apr 2024 19:07:23 GMT
Content-Type: application/json
Transfer-Encoding: chunked
Connection: keep-alive
Access-Control-Allow-Origin: *
Access-Control-Allow-Methods: GET, POST, DELETE, PUT
Access-Control-Allow-Headers: Content-Type, api_key, Authorization
Server: Jetty(9.2.9.v20150224)

{
    "code": 1,
    "type": "error",
    "message": "User not found"
}
]]></system-out>
  </testcase>
</testsuite>