<?xml version="1.0" encoding="UTF-8"?>
<testng-results ignored="0" total="4" passed="4" failed="0" skipped="0">
  <reporter-output>
  </reporter-output>
  <suite started-at="2024-04-15T11:45:09 MDT" name="PetSuite" finished-at="2024-04-15T11:45:15 MDT" duration-ms="6101">
    <groups>
    </groups>
    <test started-at="2024-04-15T11:45:09 MDT" name="PetTests" finished-at="2024-04-15T11:45:15 MDT" duration-ms="6101">
      <class name="api.test.UserTests">
        <test-method is-config="true" signature="setupData()[pri:0, instance:api.test.UserTests@1a6d8329]" started-at="2024-04-15T11:45:09 MDT" name="setupData" finished-at="2024-04-15T11:45:10 MDT" duration-ms="1170" status="PASS">
          <reporter-output>
          </reporter-output>
        </test-method> <!-- setupData -->
        <test-method signature="createuser()[pri:1, instance:api.test.UserTests@1a6d8329]" started-at="2024-04-15T11:45:10 MDT" name="createuser" finished-at="2024-04-15T11:45:13 MDT" duration-ms="2512" status="PASS">
          <reporter-output>
          </reporter-output>
        </test-method> <!-- createuser -->
        <test-method signature="getUserByName()[pri:2, instance:api.test.UserTests@1a6d8329]" started-at="2024-04-15T11:45:13 MDT" name="getUserByName" finished-at="2024-04-15T11:45:13 MDT" duration-ms="426" status="PASS">
          <reporter-output>
          </reporter-output>
        </test-method> <!-- getUserByName -->
        <test-method signature="updateUserByName()[pri:3, instance:api.test.UserTests@1a6d8329]" started-at="2024-04-15T11:45:13 MDT" name="updateUserByName" finished-at="2024-04-15T11:45:14 MDT" duration-ms="837" status="PASS">
          <reporter-output>
          </reporter-output>
        </test-method> <!-- updateUserByName -->
        <test-method signature="deleteUserByName()[pri:4, instance:api.test.UserTests@1a6d8329]" started-at="2024-04-15T11:45:14 MDT" name="deleteUserByName" finished-at="2024-04-15T11:45:15 MDT" duration-ms="705" status="PASS">
          <reporter-output>
          </reporter-output>
        </test-method> <!-- deleteUserByName -->
      </class> <!-- api.test.UserTests -->
    </test> <!-- PetTests -->
  </suite> <!-- PetSuite -->
</testng-results>
