<?xml version="1.0" encoding="UTF-8"?>
<!-- Generated by org.testng.reporters.JUnitXMLReporter -->
<testsuite ignored="0" hostname="Kirans-MacBook-Air.local" failures="0" tests="4" name="PetTests" time="5.898" errors="0" timestamp="2024-04-15T14:14:02 MDT">
  <testcase classname="api.test.UserTests" name="createuser" time="2.668"/>
  <testcase classname="api.test.UserTests" name="getUserByName" time="0.443"/>
  <testcase classname="api.test.UserTests" name="updateUserByName" time="0.774"/>
  <testcase classname="api.test.UserTests" name="deleteUserByName" time="0.742"/>
</testsuite> <!-- PetTests -->
