<?xml version="1.0" encoding="UTF-8"?>
<!-- Generated by org.testng.reporters.JUnitXMLReporter -->
<testsuite ignored="0" hostname="Kirans-MacBook-Air.local" failures="0" tests="4" name="PetTests" time="6.101" errors="0" timestamp="2024-04-15T11:45:15 MDT">
  <testcase classname="api.test.UserTests" name="createuser" time="2.512"/>
  <testcase classname="api.test.UserTests" name="getUserByName" time="0.426"/>
  <testcase classname="api.test.UserTests" name="updateUserByName" time="0.837"/>
  <testcase classname="api.test.UserTests" name="deleteUserByName" time="0.705"/>
</testsuite> <!-- PetTests -->
